modules 20, radius 0.05 m, solid diameter 0.1 m, usPerStep 10000, releaseDelay on, selection BLOCKING-AWARE
settled closest pair:        0.1000 m (@(6,0,2) - @(7,0,2))
emitted controllers/catom3d_controller/trace_resolved.csv: 121 rows (0 unresolved)

================ collision report ================
steps simulated:            2838
closest approach (any step): 0.0990 m  at step 1305 between module@(6,0,2) and @(6,1,2)
solid diameter (2r):        0.1000 m
steps with interpenetration: 4
pair-samples penetrating >0.1mm/>1mm/>2mm/>5mm: 4/0/0/0
worst penetration:          0.9742 mm at step 1305 between @(6,0,2) and @(6,1,2)

---- state at step 1305 ----
  @(5,0,2)      grid(10,0,2) pos[1.050,0.050,0.177]
  @(5,1,2)      grid(10,1,2) pos[1.050,0.150,0.177]
  @(5,2,2)      grid(10,2,2) pos[1.050,0.250,0.177]
  @(5,3,2)      grid(10,3,2) pos[1.050,0.350,0.177]
  @(6,0,2)      grid(11,0,2) pos[1.150,0.050,0.177]
  @(6,1,2) ROLL grid(11,1,3) pos[1.158,0.149,0.177] ->(11,1,2)
  @(6,2,2)      grid(11,2,2) pos[1.150,0.250,0.177]
  @(6,3,2)      grid(11,3,2) pos[1.150,0.350,0.177]
  @(7,0,2) ROLL grid(7,0,2) pos[0.793,0.094,0.248] ->(7,0,3)
  @(7,1,2)      grid(7,1,2) pos[0.750,0.150,0.177]
  @(7,2,2)      grid(8,2,3) pos[0.900,0.300,0.247]
  @(7,3,2) ROLL grid(9,3,3) pos[1.092,0.410,0.249] ->(10,3,3)
  @(8,0,2)      grid(8,0,2) pos[0.850,0.050,0.177]
  @(8,1,2)      grid(8,1,2) pos[0.850,0.150,0.177]
  @(8,2,2)      grid(8,2,2) pos[0.850,0.250,0.177]
  @(8,3,2)      grid(8,3,2) pos[0.850,0.350,0.177]
  @(9,0,2)      grid(9,0,2) pos[0.950,0.050,0.177]
  @(9,1,2)      grid(9,1,2) pos[0.950,0.150,0.177]
  @(9,2,2)      grid(9,2,2) pos[0.950,0.250,0.177]
  @(9,3,2)      grid(9,3,2) pos[0.950,0.350,0.177]

blocking-aware selection: 121 moves took a clear arc, 0 had no clear arc (of 121)

---- traffic spacing (movingCatomRadius) ----
configured movingCatomRadius: 2 cells
observed smallest along-track gap between concurrent movers: 2 cells  at step 741 between @(5,0,2) and @(6,1,2)
spacing-rule violations (gap < radius): 0
spacing RESULT: PASS — trace honours movingCatomRadius

RESULT: within tolerance — worst 0.974 mm <= 2.000 mm (soft contacts absorb it)
